<?xml version="1.0" encoding="UTF-8"?>
<testsuite name="com.ws.service.ZipRangeCondenserServiceTest" tests="4" skipped="0" failures="0" errors="0" timestamp="2019-08-03T03:00:00" hostname="MacBookPro.local" time="0.008">
  <properties/>
  <testcase name="test3Success" classname="com.ws.service.ZipRangeCondenserServiceTest" time="0.006"/>
  <testcase name="test1Success" classname="com.ws.service.ZipRangeCondenserServiceTest" time="0.001"/>
  <testcase name="test4Failure" classname="com.ws.service.ZipRangeCondenserServiceTest" time="0.0"/>
  <testcase name="test2Success" classname="com.ws.service.ZipRangeCondenserServiceTest" time="0.0"/>
  <system-out><![CDATA[]]></system-out>
  <system-err><![CDATA[]]></system-err>
</testsuite>
