<?xml version="1.0" encoding="UTF-8"?>
<testsuite name="com.ws.service.ZipRangeCondenserServiceTest" tests="3" skipped="0" failures="0" errors="0" timestamp="2019-08-02T15:02:46" hostname="MacBookPro.local" time="0.005">
  <properties/>
  <testcase name="test3Failure" classname="com.ws.service.ZipRangeCondenserServiceTest" time="0.001"/>
  <testcase name="test1Success" classname="com.ws.service.ZipRangeCondenserServiceTest" time="0.003"/>
  <testcase name="test2Success" classname="com.ws.service.ZipRangeCondenserServiceTest" time="0.001"/>
  <system-out><![CDATA[]]></system-out>
  <system-err><![CDATA[]]></system-err>
</testsuite>
