<?xml version="1.0" encoding="UTF-8"?>
<testsuite name="com.ws.service.ZipRangeCondenserServiceTest" tests="1" skipped="0" failures="0" errors="0" timestamp="2019-08-03T02:52:04" hostname="MacBookPro.local" time="0.003">
  <properties/>
  <testcase name="test3Success" classname="com.ws.service.ZipRangeCondenserServiceTest" time="0.003"/>
  <system-out><![CDATA[]]></system-out>
  <system-err><![CDATA[]]></system-err>
</testsuite>
